2026-05-02 01:56:16,678:INFO:Starting data extraction
2026-05-02 01:56:16,679:INFO:Starting data download from Firebase
2026-05-02 01:56:19,254:INFO:Data download completed
2026-05-02 01:56:27,751:INFO:Created 27,565 records
2026-05-02 01:56:27,771:INFO:Events GeoJSON file created
2026-05-02 01:56:27,804:INFO:Starting empty raster creation
2026-05-02 01:57:17,366:INFO:Empty raster creation completed
2026-05-02 01:57:17,367:INFO:Starting events raster creation
2026-05-02 01:57:41,091:INFO:Events raster creation completed
2026-05-02 01:57:41,107:INFO:Starting events buffer raster creation
2026-05-02 01:58:08,549:INFO:Events buffer raster creation completed
2026-05-02 01:58:08,552:INFO:Starting raster data extraction
2026-05-02 01:58:08,562:INFO:Data /data/datalake/Geodata/raster/aspect.tif extraction
2026-05-02 01:58:08,562:INFO:El tipo de dato del raster es: int16
2026-05-02 01:58:43,558:INFO:El no data del raster es: -15.0
2026-05-02 01:58:43,559:INFO:Data /data/datalake/Geodata/raster/aspect.tif extracted
2026-05-02 01:58:43,620:INFO:Data /data/datalake/Geodata/raster/curvature.tif extraction
2026-05-02 01:58:43,621:INFO:El tipo de dato del raster es: int8
2026-05-02 01:59:00,686:INFO:El no data del raster es: -15.0
2026-05-02 01:59:00,686:INFO:Data /data/datalake/Geodata/raster/curvature.tif extracted
2026-05-02 01:59:00,723:INFO:Data /data/datalake/Geodata/raster/dem.tif extraction
2026-05-02 01:59:00,723:INFO:El tipo de dato del raster es: int16
2026-05-02 01:59:15,373:INFO:El no data del raster es: -15.0
2026-05-02 01:59:15,373:INFO:Data /data/datalake/Geodata/raster/dem.tif extracted
2026-05-02 01:59:15,438:INFO:Data /data/datalake/Geodata/raster/geo.tif extraction
2026-05-02 01:59:15,439:INFO:El tipo de dato del raster es: int8
2026-05-02 01:59:32,552:INFO:El no data del raster es: -15.0
2026-05-02 01:59:32,552:INFO:Data /data/datalake/Geodata/raster/geo.tif extracted
2026-05-02 01:59:32,590:INFO:Data /data/datalake/Geodata/raster/slopes.tif extraction
2026-05-02 01:59:32,591:INFO:El tipo de dato del raster es: int8
2026-05-02 01:59:50,107:INFO:El no data del raster es: -15.0
2026-05-02 01:59:50,108:INFO:Data /data/datalake/Geodata/raster/slopes.tif extracted
2026-05-02 01:59:50,145:INFO:Data /data/datalake/Geodata/raster/events.tif extraction
2026-05-02 01:59:50,145:INFO:El tipo de dato del raster es: int8
2026-05-02 02:00:00,335:INFO:El no data del raster es: -15.0
2026-05-02 02:00:00,335:INFO:Data /data/datalake/Geodata/raster/events.tif extracted
2026-05-02 02:00:00,371:INFO:Data /data/datalake/Geodata/raster/buffer_events.tif extraction
2026-05-02 02:00:00,371:INFO:El tipo de dato del raster es: int8
2026-05-02 02:00:11,294:INFO:El no data del raster es: -15.0
2026-05-02 02:00:11,294:INFO:Data /data/datalake/Geodata/raster/buffer_events.tif extracted
2026-05-02 02:00:11,341:INFO:Start creating dataframe
2026-05-02 02:00:11,342:INFO:Dataframe created
2026-05-02 02:00:11,405:INFO:Starting make block ids
2026-05-02 02:00:17,722:INFO:Make block ids completed
2026-05-02 02:00:17,949:INFO:Raster data extraction completed
2026-05-02 02:00:44,975:INFO:Pixel events count: 17864
2026-05-02 02:01:36,072:INFO:Pixel no events count: 17864
2026-05-02 02:01:37,402:INFO:Pixel no events count: 17864
2026-05-02 02:01:37,472:INFO:Data extraction completed
2026-05-02 02:01:37,481:INFO:Starting GAM hyperparameter tuning with spatial CV
2026-05-02 02:01:37,482:INFO:Starting GAM hyperparameter tuning with spatial CV function
2026-05-02 02:01:37,483:INFO:Starting GAM hyperparameter grid search
2026-05-02 02:05:30,213:INFO:GAM hyperparameter tuning with spatial CV function completed
2026-05-02 02:05:30,214:INFO:GAM hyperparameter tuning with spatial CV completed
2026-05-02 02:05:30,214:INFO:Start calculating train & test datasets with Spatial CV
2026-05-02 02:05:30,214:INFO:Start spatial cross-validation prediction
2026-05-02 02:05:37,258:INFO:Resumen del modelo:
LogisticGAM                                                                                               
=============================================== ==========================================================
Distribution:                      BinomialDist Effective DoF:                                     39.8907
Link Function:                        LogitLink Log Likelihood:                                 -19424.409
Number of Samples:                        35728 AIC:                                            38928.5994
                                                AICc:                                           38928.6954
                                                UBRE:                                               3.0905
                                                Scale:                                                 1.0
                                                Pseudo R-Squared:                                   0.2156
==========================================================================================================
Feature Function                  Lambda               Rank         EDoF         P > x        Sig. Code   
================================= ==================== ============ ============ ============ ============
s(0)                              [3.]                 15           11.3         0.00e+00     ***         
f(1)                              [3.]                 9            7.7          1.54e-13     ***         
s(2)                              [3.]                 15           9.3          0.00e+00     ***         
f(3)                              [3.]                 4            2.9          0.00e+00     ***         
s(4)                              [3.]                 15           8.6          0.00e+00     ***         
intercept                                              1            0.0          3.51e-02     *           
==========================================================================================================
Significance codes:  0 '***' 0.001 '**' 0.01 '*' 0.05 '.' 0.1 ' ' 1

WARNING: Fitting splines and a linear function to a feature introduces a model identifiability problem
         which can cause p-values to appear significant when they are not.

WARNING: p-values calculated in this manner behave correctly for un-penalized models or models with
         known smoothing parameters, but when smoothing parameters have been estimated, the p-values
         are typically lower than they should be, meaning that the tests reject the null too readily.

2026-05-02 02:05:37,263:INFO:Model saved
2026-05-02 02:05:37,264:INFO:Start run model
2026-05-02 02:05:37,281:INFO:Model loaded
2026-05-02 02:05:37,281:INFO:Starting raster data extraction
2026-05-02 02:05:37,298:INFO:Data /data/datalake/Geodata/raster/aspect.tif extraction
2026-05-02 02:05:37,298:INFO:El tipo de dato del raster es: int16
2026-05-02 02:05:59,412:INFO:El no data del raster es: -15.0
2026-05-02 02:05:59,413:INFO:Data /data/datalake/Geodata/raster/aspect.tif extracted
2026-05-02 02:05:59,489:INFO:Data /data/datalake/Geodata/raster/curvature.tif extraction
2026-05-02 02:05:59,490:INFO:El tipo de dato del raster es: int8
2026-05-02 02:06:18,312:INFO:El no data del raster es: -15.0
2026-05-02 02:06:18,313:INFO:Data /data/datalake/Geodata/raster/curvature.tif extracted
2026-05-02 02:06:18,369:INFO:Data /data/datalake/Geodata/raster/dem.tif extraction
2026-05-02 02:06:18,369:INFO:El tipo de dato del raster es: int16
2026-05-02 02:06:39,964:INFO:El no data del raster es: -15.0
2026-05-02 02:06:39,964:INFO:Data /data/datalake/Geodata/raster/dem.tif extracted
2026-05-02 02:06:40,047:INFO:Data /data/datalake/Geodata/raster/geo.tif extraction
2026-05-02 02:06:40,047:INFO:El tipo de dato del raster es: int8
2026-05-02 02:06:58,773:INFO:El no data del raster es: -15.0
2026-05-02 02:06:58,773:INFO:Data /data/datalake/Geodata/raster/geo.tif extracted
2026-05-02 02:06:58,832:INFO:Data /data/datalake/Geodata/raster/slopes.tif extraction
2026-05-02 02:06:58,832:INFO:El tipo de dato del raster es: int8
2026-05-02 02:07:10,391:INFO:El no data del raster es: -15.0
2026-05-02 02:07:10,391:INFO:Data /data/datalake/Geodata/raster/slopes.tif extracted
2026-05-02 02:07:10,423:INFO:Start creating dataframe
2026-05-02 02:07:23,549:INFO:Dataframe created
2026-05-02 02:07:23,565:INFO:Raster data extraction completed
2026-05-02 02:14:47,940:INFO:Start prediction
2026-05-02 02:14:48,025:INFO:Iniciando predicción por bloques para 887425960 filas
2026-05-02 02:14:58,047:INFO:Procesado: 1000000 / 887425960
2026-05-02 02:15:03,112:INFO:Procesado: 2000000 / 887425960
2026-05-02 02:15:07,474:INFO:Procesado: 3000000 / 887425960
2026-05-02 02:15:11,614:INFO:Procesado: 4000000 / 887425960
2026-05-02 02:15:16,733:INFO:Procesado: 5000000 / 887425960
2026-05-02 02:15:21,276:INFO:Procesado: 6000000 / 887425960
2026-05-02 02:15:25,384:INFO:Procesado: 7000000 / 887425960
2026-05-02 02:15:30,007:INFO:Procesado: 8000000 / 887425960
2026-05-02 02:15:34,927:INFO:Procesado: 9000000 / 887425960
2026-05-02 02:15:39,107:INFO:Procesado: 10000000 / 887425960
2026-05-02 02:15:43,128:INFO:Procesado: 11000000 / 887425960
2026-05-02 02:15:47,354:INFO:Procesado: 12000000 / 887425960
2026-05-02 02:15:51,427:INFO:Procesado: 13000000 / 887425960
2026-05-02 02:15:55,498:INFO:Procesado: 14000000 / 887425960
2026-05-02 02:15:59,631:INFO:Procesado: 15000000 / 887425960
2026-05-02 02:16:04,376:INFO:Procesado: 16000000 / 887425960
2026-05-02 02:16:08,483:INFO:Procesado: 17000000 / 887425960
2026-05-02 02:16:12,512:INFO:Procesado: 18000000 / 887425960
2026-05-02 02:16:16,943:INFO:Procesado: 19000000 / 887425960
2026-05-02 02:16:20,994:INFO:Procesado: 20000000 / 887425960
2026-05-02 02:16:25,072:INFO:Procesado: 21000000 / 887425960
2026-05-02 02:16:29,240:INFO:Procesado: 22000000 / 887425960
2026-05-02 02:16:33,961:INFO:Procesado: 23000000 / 887425960
2026-05-02 02:16:37,944:INFO:Procesado: 24000000 / 887425960
2026-05-02 02:16:42,021:INFO:Procesado: 25000000 / 887425960
2026-05-02 02:16:46,167:INFO:Procesado: 26000000 / 887425960
2026-05-02 02:16:50,273:INFO:Procesado: 27000000 / 887425960
2026-05-02 02:16:54,408:INFO:Procesado: 28000000 / 887425960
2026-05-02 02:16:58,545:INFO:Procesado: 29000000 / 887425960
2026-05-02 02:17:02,585:INFO:Procesado: 30000000 / 887425960
2026-05-02 02:17:07,456:INFO:Procesado: 31000000 / 887425960
2026-05-02 02:17:11,456:INFO:Procesado: 32000000 / 887425960
2026-05-02 02:17:15,631:INFO:Procesado: 33000000 / 887425960
2026-05-02 02:17:19,775:INFO:Procesado: 34000000 / 887425960
2026-05-02 02:17:23,776:INFO:Procesado: 35000000 / 887425960
2026-05-02 02:17:27,848:INFO:Procesado: 36000000 / 887425960
2026-05-02 02:17:31,885:INFO:Procesado: 37000000 / 887425960
2026-05-02 02:17:36,150:INFO:Procesado: 38000000 / 887425960
2026-05-02 02:17:40,198:INFO:Procesado: 39000000 / 887425960
2026-05-02 02:17:44,182:INFO:Procesado: 40000000 / 887425960
2026-05-02 02:17:48,457:INFO:Procesado: 41000000 / 887425960
2026-05-02 02:17:53,370:INFO:Procesado: 42000000 / 887425960
2026-05-02 02:17:57,520:INFO:Procesado: 43000000 / 887425960
2026-05-02 02:18:01,730:INFO:Procesado: 44000000 / 887425960
2026-05-02 02:18:05,546:INFO:Procesado: 45000000 / 887425960
2026-05-02 02:18:09,559:INFO:Procesado: 46000000 / 887425960
2026-05-02 02:18:13,589:INFO:Procesado: 47000000 / 887425960
2026-05-02 02:18:17,881:INFO:Procesado: 48000000 / 887425960
2026-05-02 02:18:22,720:INFO:Procesado: 49000000 / 887425960
2026-05-02 02:18:26,811:INFO:Procesado: 50000000 / 887425960
2026-05-02 02:18:30,810:INFO:Procesado: 51000000 / 887425960
2026-05-02 02:18:34,861:INFO:Procesado: 52000000 / 887425960
2026-05-02 02:18:39,260:INFO:Procesado: 53000000 / 887425960
2026-05-02 02:18:43,127:INFO:Procesado: 54000000 / 887425960
2026-05-02 02:18:47,164:INFO:Procesado: 55000000 / 887425960
2026-05-02 02:18:51,198:INFO:Procesado: 56000000 / 887425960
2026-05-02 02:18:55,206:INFO:Procesado: 57000000 / 887425960
2026-05-02 02:18:59,312:INFO:Procesado: 58000000 / 887425960
2026-05-02 02:19:03,336:INFO:Procesado: 59000000 / 887425960
2026-05-02 02:19:08,188:INFO:Procesado: 60000000 / 887425960
2026-05-02 02:19:12,201:INFO:Procesado: 61000000 / 887425960
2026-05-02 02:19:16,341:INFO:Procesado: 62000000 / 887425960
2026-05-02 02:19:20,429:INFO:Procesado: 63000000 / 887425960
2026-05-02 02:19:24,410:INFO:Procesado: 64000000 / 887425960
2026-05-02 02:19:28,541:INFO:Procesado: 65000000 / 887425960
2026-05-02 02:19:32,628:INFO:Procesado: 66000000 / 887425960
2026-05-02 02:19:36,720:INFO:Procesado: 67000000 / 887425960
2026-05-02 02:19:41,590:INFO:Procesado: 68000000 / 887425960
2026-05-02 02:19:45,671:INFO:Procesado: 69000000 / 887425960
2026-05-02 02:19:49,854:INFO:Procesado: 70000000 / 887425960
2026-05-02 02:19:53,906:INFO:Procesado: 71000000 / 887425960
2026-05-02 02:19:57,976:INFO:Procesado: 72000000 / 887425960
2026-05-02 02:20:02,305:INFO:Procesado: 73000000 / 887425960
2026-05-02 02:20:06,449:INFO:Procesado: 74000000 / 887425960
2026-05-02 02:20:10,630:INFO:Procesado: 75000000 / 887425960
2026-05-02 02:20:14,605:INFO:Procesado: 76000000 / 887425960
2026-05-02 02:20:18,595:INFO:Procesado: 77000000 / 887425960
2026-05-02 02:20:22,603:INFO:Procesado: 78000000 / 887425960
2026-05-02 02:20:27,712:INFO:Procesado: 79000000 / 887425960
2026-05-02 02:20:31,726:INFO:Procesado: 80000000 / 887425960
2026-05-02 02:20:35,772:INFO:Procesado: 81000000 / 887425960
2026-05-02 02:20:40,199:INFO:Procesado: 82000000 / 887425960
2026-05-02 02:20:44,080:INFO:Procesado: 83000000 / 887425960
2026-05-02 02:20:48,113:INFO:Procesado: 84000000 / 887425960
2026-05-02 02:20:52,062:INFO:Procesado: 85000000 / 887425960
2026-05-02 02:20:56,224:INFO:Procesado: 86000000 / 887425960
2026-05-02 02:21:00,205:INFO:Procesado: 87000000 / 887425960
2026-05-02 02:21:04,303:INFO:Procesado: 88000000 / 887425960
2026-05-02 02:21:08,396:INFO:Procesado: 89000000 / 887425960
2026-05-02 02:21:13,213:INFO:Procesado: 90000000 / 887425960
2026-05-02 02:21:17,313:INFO:Procesado: 91000000 / 887425960
2026-05-02 02:21:21,286:INFO:Procesado: 92000000 / 887425960
2026-05-02 02:21:25,303:INFO:Procesado: 93000000 / 887425960
2026-05-02 02:21:29,324:INFO:Procesado: 94000000 / 887425960
2026-05-02 02:21:33,273:INFO:Procesado: 95000000 / 887425960
2026-05-02 02:21:37,363:INFO:Procesado: 96000000 / 887425960
2026-05-02 02:21:42,138:INFO:Procesado: 97000000 / 887425960
2026-05-02 02:21:46,092:INFO:Procesado: 98000000 / 887425960
2026-05-02 02:21:50,107:INFO:Procesado: 99000000 / 887425960
2026-05-02 02:21:54,062:INFO:Procesado: 100000000 / 887425960
2026-05-02 02:21:58,170:INFO:Procesado: 101000000 / 887425960
2026-05-02 02:22:02,364:INFO:Procesado: 102000000 / 887425960
2026-05-02 02:22:06,491:INFO:Procesado: 103000000 / 887425960
2026-05-02 02:22:10,551:INFO:Procesado: 104000000 / 887425960
2026-05-02 02:22:15,428:INFO:Procesado: 105000000 / 887425960
2026-05-02 02:22:19,491:INFO:Procesado: 106000000 / 887425960
2026-05-02 02:22:23,502:INFO:Procesado: 107000000 / 887425960
2026-05-02 02:22:27,502:INFO:Procesado: 108000000 / 887425960
2026-05-02 02:22:31,556:INFO:Procesado: 109000000 / 887425960
2026-05-02 02:22:35,537:INFO:Procesado: 110000000 / 887425960
2026-05-02 02:22:39,602:INFO:Procesado: 111000000 / 887425960
2026-05-02 02:22:44,390:INFO:Procesado: 112000000 / 887425960
2026-05-02 02:22:48,390:INFO:Procesado: 113000000 / 887425960
2026-05-02 02:22:52,360:INFO:Procesado: 114000000 / 887425960
2026-05-02 02:22:56,358:INFO:Procesado: 115000000 / 887425960
2026-05-02 02:23:00,450:INFO:Procesado: 116000000 / 887425960
2026-05-02 02:23:04,416:INFO:Procesado: 117000000 / 887425960
2026-05-02 02:23:08,471:INFO:Procesado: 118000000 / 887425960
2026-05-02 02:23:13,431:INFO:Procesado: 119000000 / 887425960
2026-05-02 02:23:17,521:INFO:Procesado: 120000000 / 887425960
2026-05-02 02:23:21,572:INFO:Procesado: 121000000 / 887425960
2026-05-02 02:23:25,672:INFO:Procesado: 122000000 / 887425960
2026-05-02 02:23:29,689:INFO:Procesado: 123000000 / 887425960
2026-05-02 02:23:33,601:INFO:Procesado: 124000000 / 887425960
2026-05-02 02:23:37,632:INFO:Procesado: 125000000 / 887425960
2026-05-02 02:23:41,742:INFO:Procesado: 126000000 / 887425960
2026-05-02 02:23:46,017:INFO:Procesado: 127000000 / 887425960
2026-05-02 02:23:50,125:INFO:Procesado: 128000000 / 887425960
2026-05-02 02:23:54,034:INFO:Procesado: 129000000 / 887425960
2026-05-02 02:23:58,001:INFO:Procesado: 130000000 / 887425960
2026-05-02 02:24:02,982:INFO:Procesado: 131000000 / 887425960
2026-05-02 02:24:07,070:INFO:Procesado: 132000000 / 887425960
2026-05-02 02:24:11,154:INFO:Procesado: 133000000 / 887425960
2026-05-02 02:24:15,077:INFO:Procesado: 134000000 / 887425960
2026-05-02 02:24:19,122:INFO:Procesado: 135000000 / 887425960
2026-05-02 02:24:23,054:INFO:Procesado: 136000000 / 887425960
2026-05-02 02:24:27,137:INFO:Procesado: 137000000 / 887425960
2026-05-02 02:24:32,124:INFO:Procesado: 138000000 / 887425960
2026-05-02 02:24:36,131:INFO:Procesado: 139000000 / 887425960
2026-05-02 02:24:40,175:INFO:Procesado: 140000000 / 887425960
2026-05-02 02:24:44,087:INFO:Procesado: 141000000 / 887425960
2026-05-02 02:24:48,532:INFO:Procesado: 142000000 / 887425960
2026-05-02 02:24:52,470:INFO:Procesado: 143000000 / 887425960
2026-05-02 02:24:56,476:INFO:Procesado: 144000000 / 887425960
2026-05-02 02:25:00,621:INFO:Procesado: 145000000 / 887425960
2026-05-02 02:25:04,597:INFO:Procesado: 146000000 / 887425960
2026-05-02 02:25:08,635:INFO:Procesado: 147000000 / 887425960
2026-05-02 02:25:12,685:INFO:Procesado: 148000000 / 887425960
2026-05-02 02:25:17,739:INFO:Procesado: 149000000 / 887425960
2026-05-02 02:25:21,779:INFO:Procesado: 150000000 / 887425960
2026-05-02 02:25:25,897:INFO:Procesado: 151000000 / 887425960
2026-05-02 02:25:29,948:INFO:Procesado: 152000000 / 887425960
2026-05-02 02:25:33,840:INFO:Procesado: 153000000 / 887425960
2026-05-02 02:25:37,868:INFO:Procesado: 154000000 / 887425960
2026-05-02 02:25:41,912:INFO:Procesado: 155000000 / 887425960
2026-05-02 02:25:45,904:INFO:Procesado: 156000000 / 887425960
2026-05-02 02:25:50,775:INFO:Procesado: 157000000 / 887425960
2026-05-02 02:25:54,695:INFO:Procesado: 158000000 / 887425960
2026-05-02 02:25:58,717:INFO:Procesado: 159000000 / 887425960
2026-05-02 02:26:02,616:INFO:Procesado: 160000000 / 887425960
2026-05-02 02:26:06,783:INFO:Procesado: 161000000 / 887425960
2026-05-02 02:26:10,770:INFO:Procesado: 162000000 / 887425960
2026-05-02 02:26:14,926:INFO:Procesado: 163000000 / 887425960
2026-05-02 02:26:19,269:INFO:Procesado: 164000000 / 887425960
2026-05-02 02:26:23,192:INFO:Procesado: 165000000 / 887425960
2026-05-02 02:26:27,293:INFO:Procesado: 166000000 / 887425960
2026-05-02 02:26:31,229:INFO:Procesado: 167000000 / 887425960
2026-05-02 02:26:36,215:INFO:Procesado: 168000000 / 887425960
2026-05-02 02:26:40,231:INFO:Procesado: 169000000 / 887425960
2026-05-02 02:26:44,258:INFO:Procesado: 170000000 / 887425960
2026-05-02 02:26:48,280:INFO:Procesado: 171000000 / 887425960
2026-05-02 02:26:52,574:INFO:Procesado: 172000000 / 887425960
2026-05-02 02:26:56,540:INFO:Procesado: 173000000 / 887425960
2026-05-02 02:27:00,585:INFO:Procesado: 174000000 / 887425960
2026-05-02 02:27:04,609:INFO:Procesado: 175000000 / 887425960
2026-05-02 02:27:08,634:INFO:Procesado: 176000000 / 887425960
2026-05-02 02:27:12,622:INFO:Procesado: 177000000 / 887425960
2026-05-02 02:27:16,761:INFO:Procesado: 178000000 / 887425960
2026-05-02 02:27:21,638:INFO:Procesado: 179000000 / 887425960
2026-05-02 02:27:25,529:INFO:Procesado: 180000000 / 887425960
2026-05-02 02:27:29,540:INFO:Procesado: 181000000 / 887425960
2026-05-02 02:27:33,489:INFO:Procesado: 182000000 / 887425960
2026-05-02 02:27:37,539:INFO:Procesado: 183000000 / 887425960
2026-05-02 02:27:41,492:INFO:Procesado: 184000000 / 887425960
2026-05-02 02:27:45,591:INFO:Procesado: 185000000 / 887425960
2026-05-02 02:27:49,617:INFO:Procesado: 186000000 / 887425960
2026-05-02 02:27:54,420:INFO:Procesado: 187000000 / 887425960
2026-05-02 02:27:58,444:INFO:Procesado: 188000000 / 887425960
2026-05-02 02:28:02,529:INFO:Procesado: 189000000 / 887425960
2026-05-02 02:28:06,486:INFO:Procesado: 190000000 / 887425960
2026-05-02 02:28:10,509:INFO:Procesado: 191000000 / 887425960
2026-05-02 02:28:14,491:INFO:Procesado: 192000000 / 887425960
2026-05-02 02:28:18,527:INFO:Procesado: 193000000 / 887425960
2026-05-02 02:28:23,336:INFO:Procesado: 194000000 / 887425960
2026-05-02 02:28:27,362:INFO:Procesado: 195000000 / 887425960
2026-05-02 02:28:31,296:INFO:Procesado: 196000000 / 887425960
2026-05-02 02:28:35,307:INFO:Procesado: 197000000 / 887425960
2026-05-02 02:28:39,285:INFO:Procesado: 198000000 / 887425960
2026-05-02 02:28:43,265:INFO:Procesado: 199000000 / 887425960
2026-05-02 02:28:47,356:INFO:Procesado: 200000000 / 887425960
2026-05-02 02:28:51,365:INFO:Procesado: 201000000 / 887425960
2026-05-02 02:28:56,278:INFO:Procesado: 202000000 / 887425960
2026-05-02 02:29:00,226:INFO:Procesado: 203000000 / 887425960
2026-05-02 02:29:04,200:INFO:Procesado: 204000000 / 887425960
2026-05-02 02:29:08,282:INFO:Procesado: 205000000 / 887425960
2026-05-02 02:29:12,197:INFO:Procesado: 206000000 / 887425960
2026-05-02 02:29:16,394:INFO:Procesado: 207000000 / 887425960
2026-05-02 02:29:20,317:INFO:Procesado: 208000000 / 887425960
2026-05-02 02:29:25,125:INFO:Procesado: 209000000 / 887425960
2026-05-02 02:29:29,191:INFO:Procesado: 210000000 / 887425960
2026-05-02 02:29:33,180:INFO:Procesado: 211000000 / 887425960
2026-05-02 02:29:37,272:INFO:Procesado: 212000000 / 887425960
2026-05-02 02:29:41,236:INFO:Procesado: 213000000 / 887425960
2026-05-02 02:29:45,305:INFO:Procesado: 214000000 / 887425960
2026-05-02 02:29:49,370:INFO:Procesado: 215000000 / 887425960
2026-05-02 02:29:53,166:INFO:Procesado: 216000000 / 887425960
2026-05-02 02:29:58,004:INFO:Procesado: 217000000 / 887425960
2026-05-02 02:30:01,951:INFO:Procesado: 218000000 / 887425960
2026-05-02 02:30:05,894:INFO:Procesado: 219000000 / 887425960
2026-05-02 02:30:09,954:INFO:Procesado: 220000000 / 887425960
2026-05-02 02:30:13,952:INFO:Procesado: 221000000 / 887425960
2026-05-02 02:30:18,104:INFO:Procesado: 222000000 / 887425960
2026-05-02 02:30:22,154:INFO:Procesado: 223000000 / 887425960
2026-05-02 02:30:26,481:INFO:Procesado: 224000000 / 887425960
2026-05-02 02:30:30,481:INFO:Procesado: 225000000 / 887425960
2026-05-02 02:30:34,536:INFO:Procesado: 226000000 / 887425960
2026-05-02 02:30:38,643:INFO:Procesado: 227000000 / 887425960
2026-05-02 02:30:43,553:INFO:Procesado: 228000000 / 887425960
2026-05-02 02:30:47,671:INFO:Procesado: 229000000 / 887425960
2026-05-02 02:30:51,560:INFO:Procesado: 230000000 / 887425960
2026-05-02 02:30:55,382:INFO:Procesado: 231000000 / 887425960
2026-05-02 02:30:59,730:INFO:Procesado: 232000000 / 887425960
2026-05-02 02:31:03,744:INFO:Procesado: 233000000 / 887425960
2026-05-02 02:31:07,825:INFO:Procesado: 234000000 / 887425960
2026-05-02 02:31:11,829:INFO:Procesado: 235000000 / 887425960
2026-05-02 02:31:15,892:INFO:Procesado: 236000000 / 887425960
2026-05-02 02:31:19,961:INFO:Procesado: 237000000 / 887425960
2026-05-02 02:31:23,918:INFO:Procesado: 238000000 / 887425960
2026-05-02 02:31:28,873:INFO:Procesado: 239000000 / 887425960
2026-05-02 02:31:32,789:INFO:Procesado: 240000000 / 887425960
2026-05-02 02:31:36,825:INFO:Procesado: 241000000 / 887425960
2026-05-02 02:31:40,745:INFO:Procesado: 242000000 / 887425960
2026-05-02 02:31:44,737:INFO:Procesado: 243000000 / 887425960
2026-05-02 02:31:48,677:INFO:Procesado: 244000000 / 887425960
2026-05-02 02:31:52,654:INFO:Procesado: 245000000 / 887425960
2026-05-02 02:31:56,689:INFO:Procesado: 246000000 / 887425960
2026-05-02 02:32:00,952:INFO:Procesado: 247000000 / 887425960
2026-05-02 02:32:05,022:INFO:Procesado: 248000000 / 887425960
2026-05-02 02:32:09,042:INFO:Procesado: 249000000 / 887425960
2026-05-02 02:32:13,014:INFO:Procesado: 250000000 / 887425960
2026-05-02 02:32:17,168:INFO:Procesado: 251000000 / 887425960
2026-05-02 02:32:21,183:INFO:Procesado: 252000000 / 887425960
2026-05-02 02:32:25,153:INFO:Procesado: 253000000 / 887425960
2026-05-02 02:32:29,952:INFO:Procesado: 254000000 / 887425960
2026-05-02 02:32:33,859:INFO:Procesado: 255000000 / 887425960
2026-05-02 02:32:37,984:INFO:Procesado: 256000000 / 887425960
2026-05-02 02:32:42,824:INFO:Procesado: 257000000 / 887425960
2026-05-02 02:32:46,703:INFO:Procesado: 258000000 / 887425960
2026-05-02 02:32:50,762:INFO:Procesado: 259000000 / 887425960
2026-05-02 02:32:54,763:INFO:Procesado: 260000000 / 887425960
2026-05-02 02:32:58,777:INFO:Procesado: 261000000 / 887425960
2026-05-02 02:33:03,287:INFO:Procesado: 262000000 / 887425960
2026-05-02 02:33:07,294:INFO:Procesado: 263000000 / 887425960
2026-05-02 02:33:11,368:INFO:Procesado: 264000000 / 887425960
2026-05-02 02:33:15,385:INFO:Procesado: 265000000 / 887425960
2026-05-02 02:33:19,414:INFO:Procesado: 266000000 / 887425960
2026-05-02 02:33:23,354:INFO:Procesado: 267000000 / 887425960
2026-05-02 02:33:27,374:INFO:Procesado: 268000000 / 887425960
2026-05-02 02:33:32,252:INFO:Procesado: 269000000 / 887425960
2026-05-02 02:33:36,192:INFO:Procesado: 270000000 / 887425960
2026-05-02 02:33:40,334:INFO:Procesado: 271000000 / 887425960
2026-05-02 02:33:44,329:INFO:Procesado: 272000000 / 887425960
2026-05-02 02:33:48,467:INFO:Procesado: 273000000 / 887425960
2026-05-02 02:33:52,542:INFO:Procesado: 274000000 / 887425960
2026-05-02 02:33:56,572:INFO:Procesado: 275000000 / 887425960
2026-05-02 02:34:01,410:INFO:Procesado: 276000000 / 887425960
2026-05-02 02:34:05,294:INFO:Procesado: 277000000 / 887425960
2026-05-02 02:34:09,289:INFO:Procesado: 278000000 / 887425960
2026-05-02 02:34:13,307:INFO:Procesado: 279000000 / 887425960
2026-05-02 02:34:17,300:INFO:Procesado: 280000000 / 887425960
2026-05-02 02:34:21,242:INFO:Procesado: 281000000 / 887425960
2026-05-02 02:34:25,177:INFO:Procesado: 282000000 / 887425960
2026-05-02 02:34:29,138:INFO:Procesado: 283000000 / 887425960
2026-05-02 02:34:33,964:INFO:Procesado: 284000000 / 887425960
2026-05-02 02:34:37,954:INFO:Procesado: 285000000 / 887425960
2026-05-02 02:34:41,873:INFO:Procesado: 286000000 / 887425960
2026-05-02 02:34:45,762:INFO:Procesado: 287000000 / 887425960
2026-05-02 02:34:49,752:INFO:Procesado: 288000000 / 887425960
2026-05-02 02:34:53,652:INFO:Procesado: 289000000 / 887425960
2026-05-02 02:34:57,630:INFO:Procesado: 290000000 / 887425960
2026-05-02 02:35:01,535:INFO:Procesado: 291000000 / 887425960
2026-05-02 02:35:07,094:INFO:Procesado: 292000000 / 887425960
2026-05-02 02:35:14,480:INFO:Procesado: 293000000 / 887425960
2026-05-02 02:35:19,185:INFO:Procesado: 294000000 / 887425960
2026-05-02 02:35:23,454:INFO:Procesado: 295000000 / 887425960
2026-05-02 02:35:27,849:INFO:Procesado: 296000000 / 887425960
2026-05-02 02:35:32,255:INFO:Procesado: 297000000 / 887425960
2026-05-02 02:35:37,388:INFO:Procesado: 298000000 / 887425960
2026-05-02 02:35:41,744:INFO:Procesado: 299000000 / 887425960
2026-05-02 02:35:45,817:INFO:Procesado: 300000000 / 887425960
2026-05-02 02:35:49,917:INFO:Procesado: 301000000 / 887425960
2026-05-02 02:35:53,865:INFO:Procesado: 302000000 / 887425960
2026-05-02 02:35:57,896:INFO:Procesado: 303000000 / 887425960
2026-05-02 02:36:01,781:INFO:Procesado: 304000000 / 887425960
2026-05-02 02:36:06,638:INFO:Procesado: 305000000 / 887425960
2026-05-02 02:36:10,669:INFO:Procesado: 306000000 / 887425960
2026-05-02 02:36:14,628:INFO:Procesado: 307000000 / 887425960
2026-05-02 02:36:18,698:INFO:Procesado: 308000000 / 887425960
2026-05-02 02:36:22,643:INFO:Procesado: 309000000 / 887425960
2026-05-02 02:36:26,628:INFO:Procesado: 310000000 / 887425960
2026-05-02 02:36:30,596:INFO:Procesado: 311000000 / 887425960
2026-05-02 02:36:34,521:INFO:Procesado: 312000000 / 887425960
2026-05-02 02:36:39,431:INFO:Procesado: 313000000 / 887425960
2026-05-02 02:36:43,307:INFO:Procesado: 314000000 / 887425960
2026-05-02 02:36:47,269:INFO:Procesado: 315000000 / 887425960
2026-05-02 02:36:51,258:INFO:Procesado: 316000000 / 887425960
2026-05-02 02:36:55,263:INFO:Procesado: 317000000 / 887425960
2026-05-02 02:36:59,370:INFO:Procesado: 318000000 / 887425960
2026-05-02 02:37:03,188:INFO:Procesado: 319000000 / 887425960
2026-05-02 02:37:08,062:INFO:Procesado: 320000000 / 887425960
2026-05-02 02:37:11,994:INFO:Procesado: 321000000 / 887425960
2026-05-02 02:37:15,975:INFO:Procesado: 322000000 / 887425960
2026-05-02 02:37:19,938:INFO:Procesado: 323000000 / 887425960
2026-05-02 02:37:23,749:INFO:Procesado: 324000000 / 887425960
2026-05-02 02:37:27,797:INFO:Procesado: 325000000 / 887425960
2026-05-02 02:37:31,744:INFO:Procesado: 326000000 / 887425960
2026-05-02 02:37:35,664:INFO:Procesado: 327000000 / 887425960
2026-05-02 02:37:40,522:INFO:Procesado: 328000000 / 887425960
2026-05-02 02:37:44,329:INFO:Procesado: 329000000 / 887425960
2026-05-02 02:37:48,290:INFO:Procesado: 330000000 / 887425960
2026-05-02 02:37:52,207:INFO:Procesado: 331000000 / 887425960
2026-05-02 02:37:56,152:INFO:Procesado: 332000000 / 887425960
2026-05-02 02:38:00,080:INFO:Procesado: 333000000 / 887425960
2026-05-02 02:38:03,970:INFO:Procesado: 334000000 / 887425960
2026-05-02 02:38:08,849:INFO:Procesado: 335000000 / 887425960
2026-05-02 02:38:12,804:INFO:Procesado: 336000000 / 887425960
2026-05-02 02:38:16,788:INFO:Procesado: 337000000 / 887425960
2026-05-02 02:38:20,668:INFO:Procesado: 338000000 / 887425960
2026-05-02 02:38:24,502:INFO:Procesado: 339000000 / 887425960
2026-05-02 02:38:28,424:INFO:Procesado: 340000000 / 887425960
2026-05-02 02:38:32,291:INFO:Procesado: 341000000 / 887425960
2026-05-02 02:38:36,237:INFO:Procesado: 342000000 / 887425960
2026-05-02 02:38:41,134:INFO:Procesado: 343000000 / 887425960
2026-05-02 02:38:45,042:INFO:Procesado: 344000000 / 887425960
2026-05-02 02:38:48,973:INFO:Procesado: 345000000 / 887425960
2026-05-02 02:38:52,852:INFO:Procesado: 346000000 / 887425960
2026-05-02 02:38:56,755:INFO:Procesado: 347000000 / 887425960
2026-05-02 02:39:00,675:INFO:Procesado: 348000000 / 887425960
2026-05-02 02:39:04,492:INFO:Procesado: 349000000 / 887425960
2026-05-02 02:39:08,443:INFO:Procesado: 350000000 / 887425960
2026-05-02 02:39:13,316:INFO:Procesado: 351000000 / 887425960
2026-05-02 02:39:17,350:INFO:Procesado: 352000000 / 887425960
2026-05-02 02:39:21,269:INFO:Procesado: 353000000 / 887425960
2026-05-02 02:39:25,120:INFO:Procesado: 354000000 / 887425960
2026-05-02 02:39:29,072:INFO:Procesado: 355000000 / 887425960
2026-05-02 02:39:32,910:INFO:Procesado: 356000000 / 887425960
2026-05-02 02:39:36,785:INFO:Procesado: 357000000 / 887425960
2026-05-02 02:39:41,570:INFO:Procesado: 358000000 / 887425960
2026-05-02 02:39:45,496:INFO:Procesado: 359000000 / 887425960
2026-05-02 02:39:49,450:INFO:Procesado: 360000000 / 887425960
2026-05-02 02:39:53,305:INFO:Procesado: 361000000 / 887425960
2026-05-02 02:39:57,185:INFO:Procesado: 362000000 / 887425960
2026-05-02 02:40:01,106:INFO:Procesado: 363000000 / 887425960
2026-05-02 02:40:05,035:INFO:Procesado: 364000000 / 887425960
2026-05-02 02:40:08,997:INFO:Procesado: 365000000 / 887425960
2026-05-02 02:40:13,780:INFO:Procesado: 366000000 / 887425960
2026-05-02 02:40:17,869:INFO:Procesado: 367000000 / 887425960
2026-05-02 02:40:21,849:INFO:Procesado: 368000000 / 887425960
2026-05-02 02:40:25,810:INFO:Procesado: 369000000 / 887425960
2026-05-02 02:40:29,743:INFO:Procesado: 370000000 / 887425960
2026-05-02 02:40:33,640:INFO:Procesado: 371000000 / 887425960
2026-05-02 02:40:37,569:INFO:Procesado: 372000000 / 887425960
2026-05-02 02:40:41,420:INFO:Procesado: 373000000 / 887425960
2026-05-02 02:40:46,221:INFO:Procesado: 374000000 / 887425960
2026-05-02 02:40:50,124:INFO:Procesado: 375000000 / 887425960
2026-05-02 02:40:54,034:INFO:Procesado: 376000000 / 887425960
2026-05-02 02:40:57,924:INFO:Procesado: 377000000 / 887425960
2026-05-02 02:41:01,793:INFO:Procesado: 378000000 / 887425960
2026-05-02 02:41:05,694:INFO:Procesado: 379000000 / 887425960
2026-05-02 02:41:09,624:INFO:Procesado: 380000000 / 887425960
2026-05-02 02:41:14,525:INFO:Procesado: 381000000 / 887425960
2026-05-02 02:41:18,563:INFO:Procesado: 382000000 / 887425960
2026-05-02 02:41:22,416:INFO:Procesado: 383000000 / 887425960
2026-05-02 02:41:26,359:INFO:Procesado: 384000000 / 887425960
2026-05-02 02:41:30,279:INFO:Procesado: 385000000 / 887425960
2026-05-02 02:41:34,100:INFO:Procesado: 386000000 / 887425960
2026-05-02 02:41:38,019:INFO:Procesado: 387000000 / 887425960
2026-05-02 02:41:41,899:INFO:Procesado: 388000000 / 887425960
2026-05-02 02:41:46,671:INFO:Procesado: 389000000 / 887425960
2026-05-02 02:41:50,651:INFO:Procesado: 390000000 / 887425960
2026-05-02 02:41:54,466:INFO:Procesado: 391000000 / 887425960
2026-05-02 02:41:58,618:INFO:Procesado: 392000000 / 887425960
2026-05-02 02:42:02,548:INFO:Procesado: 393000000 / 887425960
2026-05-02 02:42:06,509:INFO:Procesado: 394000000 / 887425960
2026-05-02 02:42:10,458:INFO:Procesado: 395000000 / 887425960
2026-05-02 02:42:14,453:INFO:Procesado: 396000000 / 887425960
2026-05-02 02:42:19,373:INFO:Procesado: 397000000 / 887425960
2026-05-02 02:42:23,303:INFO:Procesado: 398000000 / 887425960
2026-05-02 02:42:27,215:INFO:Procesado: 399000000 / 887425960
2026-05-02 02:42:31,161:INFO:Procesado: 400000000 / 887425960
2026-05-02 02:42:35,024:INFO:Procesado: 401000000 / 887425960
2026-05-02 02:42:38,992:INFO:Procesado: 402000000 / 887425960
2026-05-02 02:42:42,963:INFO:Procesado: 403000000 / 887425960
2026-05-02 02:42:47,916:INFO:Procesado: 404000000 / 887425960
2026-05-02 02:42:51,921:INFO:Procesado: 405000000 / 887425960
2026-05-02 02:42:55,946:INFO:Procesado: 406000000 / 887425960
2026-05-02 02:43:00,021:INFO:Procesado: 407000000 / 887425960
2026-05-02 02:43:03,929:INFO:Procesado: 408000000 / 887425960
2026-05-02 02:43:07,995:INFO:Procesado: 409000000 / 887425960
2026-05-02 02:43:11,960:INFO:Procesado: 410000000 / 887425960
2026-05-02 02:43:15,991:INFO:Procesado: 411000000 / 887425960
2026-05-02 02:43:20,937:INFO:Procesado: 412000000 / 887425960
2026-05-02 02:43:24,871:INFO:Procesado: 413000000 / 887425960
2026-05-02 02:43:28,928:INFO:Procesado: 414000000 / 887425960
2026-05-02 02:43:32,838:INFO:Procesado: 415000000 / 887425960
2026-05-02 02:43:36,929:INFO:Procesado: 416000000 / 887425960
2026-05-02 02:43:40,997:INFO:Procesado: 417000000 / 887425960
2026-05-02 02:43:45,009:INFO:Procesado: 418000000 / 887425960
2026-05-02 02:43:49,961:INFO:Procesado: 419000000 / 887425960
2026-05-02 02:43:54,023:INFO:Procesado: 420000000 / 887425960
2026-05-02 02:43:58,149:INFO:Procesado: 421000000 / 887425960
2026-05-02 02:44:02,073:INFO:Procesado: 422000000 / 887425960
2026-05-02 02:44:06,023:INFO:Procesado: 423000000 / 887425960
2026-05-02 02:44:10,089:INFO:Procesado: 424000000 / 887425960
2026-05-02 02:44:14,019:INFO:Procesado: 425000000 / 887425960
2026-05-02 02:44:18,205:INFO:Procesado: 426000000 / 887425960
2026-05-02 02:44:23,008:INFO:Procesado: 427000000 / 887425960
2026-05-02 02:44:26,974:INFO:Procesado: 428000000 / 887425960
2026-05-02 02:44:31,171:INFO:Procesado: 429000000 / 887425960
2026-05-02 02:44:35,153:INFO:Procesado: 430000000 / 887425960
2026-05-02 02:44:39,186:INFO:Procesado: 431000000 / 887425960
2026-05-02 02:44:43,283:INFO:Procesado: 432000000 / 887425960
2026-05-02 02:44:47,364:INFO:Procesado: 433000000 / 887425960
2026-05-02 02:44:52,384:INFO:Procesado: 434000000 / 887425960
2026-05-02 02:44:57,063:INFO:Procesado: 435000000 / 887425960
2026-05-02 02:45:01,657:INFO:Procesado: 436000000 / 887425960
2026-05-02 02:45:05,846:INFO:Procesado: 437000000 / 887425960
2026-05-02 02:45:09,889:INFO:Procesado: 438000000 / 887425960
2026-05-02 02:45:13,804:INFO:Procesado: 439000000 / 887425960
2026-05-02 02:45:17,954:INFO:Procesado: 440000000 / 887425960
2026-05-02 02:45:23,129:INFO:Procesado: 441000000 / 887425960
2026-05-02 02:45:27,199:INFO:Procesado: 442000000 / 887425960
2026-05-02 02:45:31,314:INFO:Procesado: 443000000 / 887425960
2026-05-02 02:45:35,642:INFO:Procesado: 444000000 / 887425960
2026-05-02 02:45:41,255:INFO:Procesado: 445000000 / 887425960
2026-05-02 02:45:53,973:INFO:Procesado: 446000000 / 887425960
2026-05-02 02:46:02,155:INFO:Procesado: 447000000 / 887425960
2026-05-02 02:46:07,422:INFO:Procesado: 448000000 / 887425960
2026-05-02 02:46:13,304:INFO:Procesado: 449000000 / 887425960
2026-05-02 02:46:18,280:INFO:Procesado: 450000000 / 887425960
2026-05-02 02:46:23,990:INFO:Procesado: 451000000 / 887425960
2026-05-02 02:46:28,003:INFO:Procesado: 452000000 / 887425960
2026-05-02 02:46:32,164:INFO:Procesado: 453000000 / 887425960
2026-05-02 02:46:36,305:INFO:Procesado: 454000000 / 887425960
2026-05-02 02:46:40,295:INFO:Procesado: 455000000 / 887425960
2026-05-02 02:46:44,303:INFO:Procesado: 456000000 / 887425960
2026-05-02 02:46:48,404:INFO:Procesado: 457000000 / 887425960
2026-05-02 02:46:52,454:INFO:Procesado: 458000000 / 887425960
2026-05-02 02:46:57,645:INFO:Procesado: 459000000 / 887425960
2026-05-02 02:47:01,767:INFO:Procesado: 460000000 / 887425960
2026-05-02 02:47:06,075:INFO:Procesado: 461000000 / 887425960
2026-05-02 02:47:10,096:INFO:Procesado: 462000000 / 887425960
2026-05-02 02:47:14,209:INFO:Procesado: 463000000 / 887425960
2026-05-02 02:47:18,407:INFO:Procesado: 464000000 / 887425960
2026-05-02 02:47:22,483:INFO:Procesado: 465000000 / 887425960
2026-05-02 02:47:27,620:INFO:Procesado: 466000000 / 887425960
2026-05-02 02:47:31,896:INFO:Procesado: 467000000 / 887425960
2026-05-02 02:47:36,025:INFO:Procesado: 468000000 / 887425960
2026-05-02 02:47:40,234:INFO:Procesado: 469000000 / 887425960
2026-05-02 02:47:44,275:INFO:Procesado: 470000000 / 887425960
2026-05-02 02:47:48,555:INFO:Procesado: 471000000 / 887425960
2026-05-02 02:47:52,615:INFO:Procesado: 472000000 / 887425960
2026-05-02 02:47:57,809:INFO:Procesado: 473000000 / 887425960
2026-05-02 02:48:01,955:INFO:Procesado: 474000000 / 887425960
2026-05-02 02:48:06,040:INFO:Procesado: 475000000 / 887425960
2026-05-02 02:48:10,319:INFO:Procesado: 476000000 / 887425960
2026-05-02 02:48:14,440:INFO:Procesado: 477000000 / 887425960
2026-05-02 02:48:18,719:INFO:Procesado: 478000000 / 887425960
2026-05-02 02:48:22,749:INFO:Procesado: 479000000 / 887425960
2026-05-02 02:48:27,789:INFO:Procesado: 480000000 / 887425960
2026-05-02 02:48:31,979:INFO:Procesado: 481000000 / 887425960
2026-05-02 02:48:36,140:INFO:Procesado: 482000000 / 887425960
2026-05-02 02:48:40,242:INFO:Procesado: 483000000 / 887425960
2026-05-02 02:48:44,369:INFO:Procesado: 484000000 / 887425960
2026-05-02 02:48:48,619:INFO:Procesado: 485000000 / 887425960
2026-05-02 02:48:53,085:INFO:Procesado: 486000000 / 887425960
2026-05-02 02:48:57,582:INFO:Procesado: 487000000 / 887425960
2026-05-02 02:49:02,220:INFO:Procesado: 488000000 / 887425960
2026-05-02 02:49:06,298:INFO:Procesado: 489000000 / 887425960
2026-05-02 02:49:10,470:INFO:Procesado: 490000000 / 887425960
2026-05-02 02:49:14,551:INFO:Procesado: 491000000 / 887425960
2026-05-02 02:49:18,700:INFO:Procesado: 492000000 / 887425960
2026-05-02 02:49:22,810:INFO:Procesado: 493000000 / 887425960
2026-05-02 02:49:26,810:INFO:Procesado: 494000000 / 887425960
2026-05-02 02:49:31,751:INFO:Procesado: 495000000 / 887425960
2026-05-02 02:49:35,748:INFO:Procesado: 496000000 / 887425960
2026-05-02 02:49:39,734:INFO:Procesado: 497000000 / 887425960
2026-05-02 02:49:43,688:INFO:Procesado: 498000000 / 887425960
2026-05-02 02:49:47,701:INFO:Procesado: 499000000 / 887425960
2026-05-02 02:49:51,694:INFO:Procesado: 500000000 / 887425960
2026-05-02 02:49:55,640:INFO:Procesado: 501000000 / 887425960
2026-05-02 02:50:00,707:INFO:Procesado: 502000000 / 887425960
2026-05-02 02:50:04,626:INFO:Procesado: 503000000 / 887425960
2026-05-02 02:50:08,832:INFO:Procesado: 504000000 / 887425960
2026-05-02 02:50:12,964:INFO:Procesado: 505000000 / 887425960
2026-05-02 02:50:17,192:INFO:Procesado: 506000000 / 887425960
2026-05-02 02:50:21,295:INFO:Procesado: 507000000 / 887425960
2026-05-02 02:50:25,540:INFO:Procesado: 508000000 / 887425960
2026-05-02 02:50:29,617:INFO:Procesado: 509000000 / 887425960
2026-05-02 02:50:34,642:INFO:Procesado: 510000000 / 887425960
2026-05-02 02:50:38,751:INFO:Procesado: 511000000 / 887425960
2026-05-02 02:50:42,848:INFO:Procesado: 512000000 / 887425960
2026-05-02 02:50:46,941:INFO:Procesado: 513000000 / 887425960
2026-05-02 02:50:50,968:INFO:Procesado: 514000000 / 887425960
2026-05-02 02:50:54,744:INFO:Procesado: 515000000 / 887425960
2026-05-02 02:50:58,918:INFO:Procesado: 516000000 / 887425960
2026-05-02 02:51:03,942:INFO:Procesado: 517000000 / 887425960
2026-05-02 02:51:07,898:INFO:Procesado: 518000000 / 887425960
2026-05-02 02:51:11,930:INFO:Procesado: 519000000 / 887425960
2026-05-02 02:51:15,915:INFO:Procesado: 520000000 / 887425960
2026-05-02 02:51:19,901:INFO:Procesado: 521000000 / 887425960
2026-05-02 02:51:23,877:INFO:Procesado: 522000000 / 887425960
2026-05-02 02:51:28,069:INFO:Procesado: 523000000 / 887425960
2026-05-02 02:51:33,216:INFO:Procesado: 524000000 / 887425960
2026-05-02 02:51:37,328:INFO:Procesado: 525000000 / 887425960
2026-05-02 02:51:41,426:INFO:Procesado: 526000000 / 887425960
2026-05-02 02:51:45,536:INFO:Procesado: 527000000 / 887425960
2026-05-02 02:51:49,731:INFO:Procesado: 528000000 / 887425960
2026-05-02 02:51:53,876:INFO:Procesado: 529000000 / 887425960
2026-05-02 02:51:58,057:INFO:Procesado: 530000000 / 887425960
2026-05-02 02:52:02,216:INFO:Procesado: 531000000 / 887425960
2026-05-02 02:52:07,477:INFO:Procesado: 532000000 / 887425960
2026-05-02 02:52:11,649:INFO:Procesado: 533000000 / 887425960
2026-05-02 02:52:15,903:INFO:Procesado: 534000000 / 887425960
2026-05-02 02:52:20,126:INFO:Procesado: 535000000 / 887425960
2026-05-02 02:52:24,104:INFO:Procesado: 536000000 / 887425960
2026-05-02 02:52:28,289:INFO:Procesado: 537000000 / 887425960
2026-05-02 02:52:32,381:INFO:Procesado: 538000000 / 887425960
2026-05-02 02:52:37,500:INFO:Procesado: 539000000 / 887425960
2026-05-02 02:52:41,619:INFO:Procesado: 540000000 / 887425960
2026-05-02 02:52:45,700:INFO:Procesado: 541000000 / 887425960
2026-05-02 02:52:49,911:INFO:Procesado: 542000000 / 887425960
2026-05-02 02:52:54,040:INFO:Procesado: 543000000 / 887425960
2026-05-02 02:52:58,309:INFO:Procesado: 544000000 / 887425960
2026-05-02 02:53:02,479:INFO:Procesado: 545000000 / 887425960
2026-05-02 02:53:07,662:INFO:Procesado: 546000000 / 887425960
2026-05-02 02:53:11,823:INFO:Procesado: 547000000 / 887425960
2026-05-02 02:53:16,638:INFO:Procesado: 548000000 / 887425960
2026-05-02 02:53:21,272:INFO:Procesado: 549000000 / 887425960
2026-05-02 02:53:25,271:INFO:Procesado: 550000000 / 887425960
2026-05-02 02:53:29,373:INFO:Procesado: 551000000 / 887425960
2026-05-02 02:53:33,402:INFO:Procesado: 552000000 / 887425960
2026-05-02 02:53:38,554:INFO:Procesado: 553000000 / 887425960
2026-05-02 02:53:42,671:INFO:Procesado: 554000000 / 887425960
2026-05-02 02:53:46,725:INFO:Procesado: 555000000 / 887425960
2026-05-02 02:53:50,831:INFO:Procesado: 556000000 / 887425960
2026-05-02 02:53:54,881:INFO:Procesado: 557000000 / 887425960
2026-05-02 02:53:58,986:INFO:Procesado: 558000000 / 887425960
2026-05-02 02:54:03,021:INFO:Procesado: 559000000 / 887425960
2026-05-02 02:54:07,549:INFO:Procesado: 560000000 / 887425960
2026-05-02 02:54:12,324:INFO:Procesado: 561000000 / 887425960
2026-05-02 02:54:16,532:INFO:Procesado: 562000000 / 887425960
2026-05-02 02:54:20,700:INFO:Procesado: 563000000 / 887425960
2026-05-02 02:54:24,821:INFO:Procesado: 564000000 / 887425960
2026-05-02 02:54:28,951:INFO:Procesado: 565000000 / 887425960
2026-05-02 02:54:33,091:INFO:Procesado: 566000000 / 887425960
2026-05-02 02:54:37,211:INFO:Procesado: 567000000 / 887425960
2026-05-02 02:54:42,434:INFO:Procesado: 568000000 / 887425960
2026-05-02 02:54:46,585:INFO:Procesado: 569000000 / 887425960
2026-05-02 02:54:50,747:INFO:Procesado: 570000000 / 887425960
2026-05-02 02:54:54,886:INFO:Procesado: 571000000 / 887425960
2026-05-02 02:54:58,942:INFO:Procesado: 572000000 / 887425960
2026-05-02 02:55:03,124:INFO:Procesado: 573000000 / 887425960
2026-05-02 02:55:07,342:INFO:Procesado: 574000000 / 887425960
2026-05-02 02:55:12,621:INFO:Procesado: 575000000 / 887425960
2026-05-02 02:55:16,880:INFO:Procesado: 576000000 / 887425960
2026-05-02 02:55:21,058:INFO:Procesado: 577000000 / 887425960
2026-05-02 02:55:25,472:INFO:Procesado: 578000000 / 887425960
2026-05-02 02:55:29,582:INFO:Procesado: 579000000 / 887425960
2026-05-02 02:55:33,613:INFO:Procesado: 580000000 / 887425960
2026-05-02 02:55:37,871:INFO:Procesado: 581000000 / 887425960
2026-05-02 02:55:42,932:INFO:Procesado: 582000000 / 887425960
2026-05-02 02:55:47,072:INFO:Procesado: 583000000 / 887425960
2026-05-02 02:55:51,297:INFO:Procesado: 584000000 / 887425960
2026-05-02 02:55:55,374:INFO:Procesado: 585000000 / 887425960
2026-05-02 02:55:59,683:INFO:Procesado: 586000000 / 887425960
2026-05-02 02:56:03,840:INFO:Procesado: 587000000 / 887425960
2026-05-02 02:56:08,101:INFO:Procesado: 588000000 / 887425960
2026-05-02 02:56:13,283:INFO:Procesado: 589000000 / 887425960
2026-05-02 02:56:17,542:INFO:Procesado: 590000000 / 887425960
2026-05-02 02:56:21,682:INFO:Procesado: 591000000 / 887425960
2026-05-02 02:56:25,793:INFO:Procesado: 592000000 / 887425960
2026-05-02 02:56:30,006:INFO:Procesado: 593000000 / 887425960
2026-05-02 02:56:34,023:INFO:Procesado: 594000000 / 887425960
2026-05-02 02:56:38,213:INFO:Procesado: 595000000 / 887425960
2026-05-02 02:56:42,965:INFO:Procesado: 596000000 / 887425960
2026-05-02 02:56:47,842:INFO:Procesado: 597000000 / 887425960
2026-05-02 02:56:52,017:INFO:Procesado: 598000000 / 887425960
2026-05-02 02:56:56,087:INFO:Procesado: 599000000 / 887425960
2026-05-02 02:57:00,419:INFO:Procesado: 600000000 / 887425960
2026-05-02 02:57:04,458:INFO:Procesado: 601000000 / 887425960
2026-05-02 02:57:08,648:INFO:Procesado: 602000000 / 887425960
2026-05-02 02:57:12,832:INFO:Procesado: 603000000 / 887425960
2026-05-02 02:57:18,143:INFO:Procesado: 604000000 / 887425960
2026-05-02 02:57:22,235:INFO:Procesado: 605000000 / 887425960
2026-05-02 02:57:26,383:INFO:Procesado: 606000000 / 887425960
2026-05-02 02:57:30,630:INFO:Procesado: 607000000 / 887425960
2026-05-02 02:57:34,773:INFO:Procesado: 608000000 / 887425960
2026-05-02 02:57:38,933:INFO:Procesado: 609000000 / 887425960
2026-05-02 02:57:43,023:INFO:Procesado: 610000000 / 887425960
2026-05-02 02:57:48,180:INFO:Procesado: 611000000 / 887425960
2026-05-02 02:57:52,370:INFO:Procesado: 612000000 / 887425960
2026-05-02 02:57:56,503:INFO:Procesado: 613000000 / 887425960
2026-05-02 02:58:00,733:INFO:Procesado: 614000000 / 887425960
2026-05-02 02:58:04,940:INFO:Procesado: 615000000 / 887425960
2026-05-02 02:58:09,049:INFO:Procesado: 616000000 / 887425960
2026-05-02 02:58:13,279:INFO:Procesado: 617000000 / 887425960
2026-05-02 02:58:18,535:INFO:Procesado: 618000000 / 887425960
2026-05-02 02:58:22,655:INFO:Procesado: 619000000 / 887425960
2026-05-02 02:58:26,731:INFO:Procesado: 620000000 / 887425960
2026-05-02 02:58:30,926:INFO:Procesado: 621000000 / 887425960
2026-05-02 02:58:35,065:INFO:Procesado: 622000000 / 887425960
2026-05-02 02:58:39,174:INFO:Procesado: 623000000 / 887425960
2026-05-02 02:58:43,316:INFO:Procesado: 624000000 / 887425960
2026-05-02 02:58:48,683:INFO:Procesado: 625000000 / 887425960
2026-05-02 02:58:52,881:INFO:Procesado: 626000000 / 887425960
2026-05-02 02:58:57,095:INFO:Procesado: 627000000 / 887425960
2026-05-02 02:59:01,249:INFO:Procesado: 628000000 / 887425960
2026-05-02 02:59:05,689:INFO:Procesado: 629000000 / 887425960
2026-05-02 02:59:09,881:INFO:Procesado: 630000000 / 887425960
2026-05-02 02:59:14,162:INFO:Procesado: 631000000 / 887425960
2026-05-02 02:59:19,488:INFO:Procesado: 632000000 / 887425960
2026-05-02 02:59:23,541:INFO:Procesado: 633000000 / 887425960
2026-05-02 02:59:27,661:INFO:Procesado: 634000000 / 887425960
2026-05-02 02:59:31,889:INFO:Procesado: 635000000 / 887425960
2026-05-02 02:59:36,022:INFO:Procesado: 636000000 / 887425960
2026-05-02 02:59:40,200:INFO:Procesado: 637000000 / 887425960
2026-05-02 02:59:44,294:INFO:Procesado: 638000000 / 887425960
2026-05-02 02:59:48,574:INFO:Procesado: 639000000 / 887425960
2026-05-02 02:59:53,918:INFO:Procesado: 640000000 / 887425960
2026-05-02 03:00:00,696:INFO:Procesado: 641000000 / 887425960
2026-05-02 03:00:04,973:INFO:Procesado: 642000000 / 887425960
2026-05-02 03:00:09,717:INFO:Procesado: 643000000 / 887425960
2026-05-02 03:00:13,707:INFO:Procesado: 644000000 / 887425960
2026-05-02 03:00:18,185:INFO:Procesado: 645000000 / 887425960
2026-05-02 03:00:23,303:INFO:Procesado: 646000000 / 887425960
2026-05-02 03:00:27,362:INFO:Procesado: 647000000 / 887425960
2026-05-02 03:00:31,491:INFO:Procesado: 648000000 / 887425960
2026-05-02 03:00:35,487:INFO:Procesado: 649000000 / 887425960
2026-05-02 03:00:39,732:INFO:Procesado: 650000000 / 887425960
2026-05-02 03:00:43,903:INFO:Procesado: 651000000 / 887425960
2026-05-02 03:00:48,007:INFO:Procesado: 652000000 / 887425960
2026-05-02 03:00:53,162:INFO:Procesado: 653000000 / 887425960
2026-05-02 03:00:57,220:INFO:Procesado: 654000000 / 887425960
2026-05-02 03:01:01,485:INFO:Procesado: 655000000 / 887425960
2026-05-02 03:01:05,812:INFO:Procesado: 656000000 / 887425960
2026-05-02 03:01:10,240:INFO:Procesado: 657000000 / 887425960
2026-05-02 03:01:14,235:INFO:Procesado: 658000000 / 887425960
2026-05-02 03:01:18,958:INFO:Procesado: 659000000 / 887425960
2026-05-02 03:01:24,522:INFO:Procesado: 660000000 / 887425960
2026-05-02 03:01:28,763:INFO:Procesado: 661000000 / 887425960
2026-05-02 03:01:32,911:INFO:Procesado: 662000000 / 887425960
2026-05-02 03:01:37,083:INFO:Procesado: 663000000 / 887425960
2026-05-02 03:01:41,282:INFO:Procesado: 664000000 / 887425960
2026-05-02 03:01:45,273:INFO:Procesado: 665000000 / 887425960
2026-05-02 03:01:49,416:INFO:Procesado: 666000000 / 887425960
2026-05-02 03:01:53,901:INFO:Procesado: 667000000 / 887425960
2026-05-02 03:01:58,693:INFO:Procesado: 668000000 / 887425960
2026-05-02 03:02:02,974:INFO:Procesado: 669000000 / 887425960
2026-05-02 03:02:07,111:INFO:Procesado: 670000000 / 887425960
2026-05-02 03:02:11,265:INFO:Procesado: 671000000 / 887425960
2026-05-02 03:02:15,784:INFO:Procesado: 672000000 / 887425960
2026-05-02 03:02:20,074:INFO:Procesado: 673000000 / 887425960
2026-05-02 03:02:24,301:INFO:Procesado: 674000000 / 887425960
2026-05-02 03:02:29,486:INFO:Procesado: 675000000 / 887425960
2026-05-02 03:02:33,416:INFO:Procesado: 676000000 / 887425960
2026-05-02 03:02:37,498:INFO:Procesado: 677000000 / 887425960
2026-05-02 03:02:41,747:INFO:Procesado: 678000000 / 887425960
2026-05-02 03:02:45,818:INFO:Procesado: 679000000 / 887425960
2026-05-02 03:02:50,007:INFO:Procesado: 680000000 / 887425960
2026-05-02 03:02:54,297:INFO:Procesado: 681000000 / 887425960
2026-05-02 03:02:59,589:INFO:Procesado: 682000000 / 887425960
2026-05-02 03:03:03,607:INFO:Procesado: 683000000 / 887425960
2026-05-02 03:03:07,765:INFO:Procesado: 684000000 / 887425960
2026-05-02 03:03:11,837:INFO:Procesado: 685000000 / 887425960
2026-05-02 03:03:16,228:INFO:Procesado: 686000000 / 887425960
2026-05-02 03:03:20,287:INFO:Procesado: 687000000 / 887425960
2026-05-02 03:03:24,360:INFO:Procesado: 688000000 / 887425960
2026-05-02 03:03:29,603:INFO:Procesado: 689000000 / 887425960
2026-05-02 03:03:33,556:INFO:Procesado: 690000000 / 887425960
2026-05-02 03:03:37,681:INFO:Procesado: 691000000 / 887425960
2026-05-02 03:03:41,880:INFO:Procesado: 692000000 / 887425960
2026-05-02 03:03:45,923:INFO:Procesado: 693000000 / 887425960
2026-05-02 03:03:50,131:INFO:Procesado: 694000000 / 887425960
2026-05-02 03:03:54,281:INFO:Procesado: 695000000 / 887425960
2026-05-02 03:03:59,491:INFO:Procesado: 696000000 / 887425960
2026-05-02 03:04:03,553:INFO:Procesado: 697000000 / 887425960
2026-05-02 03:04:07,681:INFO:Procesado: 698000000 / 887425960
2026-05-02 03:04:11,842:INFO:Procesado: 699000000 / 887425960
2026-05-02 03:04:15,921:INFO:Procesado: 700000000 / 887425960
2026-05-02 03:04:20,092:INFO:Procesado: 701000000 / 887425960
2026-05-02 03:04:24,213:INFO:Procesado: 702000000 / 887425960
2026-05-02 03:04:28,338:INFO:Procesado: 703000000 / 887425960
2026-05-02 03:04:33,959:INFO:Procesado: 704000000 / 887425960
2026-05-02 03:04:38,742:INFO:Procesado: 705000000 / 887425960
2026-05-02 03:04:42,855:INFO:Procesado: 706000000 / 887425960
2026-05-02 03:04:46,842:INFO:Procesado: 707000000 / 887425960
2026-05-02 03:04:50,921:INFO:Procesado: 708000000 / 887425960
2026-05-02 03:04:55,041:INFO:Procesado: 709000000 / 887425960
2026-05-02 03:04:59,213:INFO:Procesado: 710000000 / 887425960
2026-05-02 03:05:04,418:INFO:Procesado: 711000000 / 887425960
2026-05-02 03:05:08,680:INFO:Procesado: 712000000 / 887425960
2026-05-02 03:05:12,859:INFO:Procesado: 713000000 / 887425960
2026-05-02 03:05:17,042:INFO:Procesado: 714000000 / 887425960
2026-05-02 03:05:21,154:INFO:Procesado: 715000000 / 887425960
2026-05-02 03:05:25,200:INFO:Procesado: 716000000 / 887425960
2026-05-02 03:05:29,370:INFO:Procesado: 717000000 / 887425960
2026-05-02 03:05:34,714:INFO:Procesado: 718000000 / 887425960
2026-05-02 03:05:38,804:INFO:Procesado: 719000000 / 887425960
2026-05-02 03:05:43,064:INFO:Procesado: 720000000 / 887425960
2026-05-02 03:05:47,304:INFO:Procesado: 721000000 / 887425960
2026-05-02 03:05:51,735:INFO:Procesado: 722000000 / 887425960
2026-05-02 03:05:55,780:INFO:Procesado: 723000000 / 887425960
2026-05-02 03:05:59,935:INFO:Procesado: 724000000 / 887425960
2026-05-02 03:06:05,088:INFO:Procesado: 725000000 / 887425960
2026-05-02 03:06:09,189:INFO:Procesado: 726000000 / 887425960
2026-05-02 03:06:13,377:INFO:Procesado: 727000000 / 887425960
2026-05-02 03:06:17,556:INFO:Procesado: 728000000 / 887425960
2026-05-02 03:06:21,754:INFO:Procesado: 729000000 / 887425960
2026-05-02 03:06:25,797:INFO:Procesado: 730000000 / 887425960
2026-05-02 03:06:30,056:INFO:Procesado: 731000000 / 887425960
2026-05-02 03:06:35,320:INFO:Procesado: 732000000 / 887425960
2026-05-02 03:06:39,478:INFO:Procesado: 733000000 / 887425960
2026-05-02 03:06:43,683:INFO:Procesado: 734000000 / 887425960
2026-05-02 03:06:47,807:INFO:Procesado: 735000000 / 887425960
2026-05-02 03:06:52,054:INFO:Procesado: 736000000 / 887425960
2026-05-02 03:06:56,084:INFO:Procesado: 737000000 / 887425960
2026-05-02 03:07:00,295:INFO:Procesado: 738000000 / 887425960
2026-05-02 03:07:04,423:INFO:Procesado: 739000000 / 887425960
2026-05-02 03:07:09,746:INFO:Procesado: 740000000 / 887425960
2026-05-02 03:07:13,897:INFO:Procesado: 741000000 / 887425960
2026-05-02 03:07:18,045:INFO:Procesado: 742000000 / 887425960
2026-05-02 03:07:22,223:INFO:Procesado: 743000000 / 887425960
2026-05-02 03:07:26,312:INFO:Procesado: 744000000 / 887425960
2026-05-02 03:07:30,515:INFO:Procesado: 745000000 / 887425960
2026-05-02 03:07:34,653:INFO:Procesado: 746000000 / 887425960
2026-05-02 03:07:39,992:INFO:Procesado: 747000000 / 887425960
2026-05-02 03:07:44,191:INFO:Procesado: 748000000 / 887425960
2026-05-02 03:07:48,310:INFO:Procesado: 749000000 / 887425960
2026-05-02 03:07:52,472:INFO:Procesado: 750000000 / 887425960
2026-05-02 03:07:56,598:INFO:Procesado: 751000000 / 887425960
2026-05-02 03:08:00,793:INFO:Procesado: 752000000 / 887425960
2026-05-02 03:08:04,942:INFO:Procesado: 753000000 / 887425960
2026-05-02 03:08:10,271:INFO:Procesado: 754000000 / 887425960
2026-05-02 03:08:14,431:INFO:Procesado: 755000000 / 887425960
2026-05-02 03:08:18,894:INFO:Procesado: 756000000 / 887425960
2026-05-02 03:08:22,997:INFO:Procesado: 757000000 / 887425960
2026-05-02 03:08:27,014:INFO:Procesado: 758000000 / 887425960
2026-05-02 03:08:31,341:INFO:Procesado: 759000000 / 887425960
2026-05-02 03:08:35,326:INFO:Procesado: 760000000 / 887425960
2026-05-02 03:08:40,696:INFO:Procesado: 761000000 / 887425960
2026-05-02 03:08:44,748:INFO:Procesado: 762000000 / 887425960
2026-05-02 03:08:48,909:INFO:Procesado: 763000000 / 887425960
2026-05-02 03:08:53,071:INFO:Procesado: 764000000 / 887425960
2026-05-02 03:08:57,173:INFO:Procesado: 765000000 / 887425960
2026-05-02 03:09:01,411:INFO:Procesado: 766000000 / 887425960
2026-05-02 03:09:05,533:INFO:Procesado: 767000000 / 887425960
2026-05-02 03:09:10,935:INFO:Procesado: 768000000 / 887425960
2026-05-02 03:09:15,031:INFO:Procesado: 769000000 / 887425960
2026-05-02 03:09:19,281:INFO:Procesado: 770000000 / 887425960
2026-05-02 03:09:23,364:INFO:Procesado: 771000000 / 887425960
2026-05-02 03:09:27,615:INFO:Procesado: 772000000 / 887425960
2026-05-02 03:09:31,835:INFO:Procesado: 773000000 / 887425960
2026-05-02 03:09:35,895:INFO:Procesado: 774000000 / 887425960
2026-05-02 03:09:40,114:INFO:Procesado: 775000000 / 887425960
2026-05-02 03:09:45,399:INFO:Procesado: 776000000 / 887425960
2026-05-02 03:09:49,641:INFO:Procesado: 777000000 / 887425960
2026-05-02 03:09:53,818:INFO:Procesado: 778000000 / 887425960
2026-05-02 03:09:57,931:INFO:Procesado: 779000000 / 887425960
2026-05-02 03:10:02,172:INFO:Procesado: 780000000 / 887425960
2026-05-02 03:10:06,293:INFO:Procesado: 781000000 / 887425960
2026-05-02 03:10:10,463:INFO:Procesado: 782000000 / 887425960
2026-05-02 03:10:15,787:INFO:Procesado: 783000000 / 887425960
2026-05-02 03:10:20,053:INFO:Procesado: 784000000 / 887425960
2026-05-02 03:10:24,138:INFO:Procesado: 785000000 / 887425960
2026-05-02 03:10:28,223:INFO:Procesado: 786000000 / 887425960
2026-05-02 03:10:32,463:INFO:Procesado: 787000000 / 887425960
2026-05-02 03:10:36,571:INFO:Procesado: 788000000 / 887425960
2026-05-02 03:10:40,820:INFO:Procesado: 789000000 / 887425960
2026-05-02 03:10:46,088:INFO:Procesado: 790000000 / 887425960
2026-05-02 03:10:50,422:INFO:Procesado: 791000000 / 887425960
2026-05-02 03:10:54,529:INFO:Procesado: 792000000 / 887425960
2026-05-02 03:10:58,589:INFO:Procesado: 793000000 / 887425960
2026-05-02 03:11:02,728:INFO:Procesado: 794000000 / 887425960
2026-05-02 03:11:06,857:INFO:Procesado: 795000000 / 887425960
2026-05-02 03:11:11,138:INFO:Procesado: 796000000 / 887425960
2026-05-02 03:11:16,564:INFO:Procesado: 797000000 / 887425960
2026-05-02 03:11:20,793:INFO:Procesado: 798000000 / 887425960
2026-05-02 03:11:24,966:INFO:Procesado: 799000000 / 887425960
2026-05-02 03:11:28,943:INFO:Procesado: 800000000 / 887425960
2026-05-02 03:11:33,063:INFO:Procesado: 801000000 / 887425960
2026-05-02 03:11:37,113:INFO:Procesado: 802000000 / 887425960
2026-05-02 03:11:41,354:INFO:Procesado: 803000000 / 887425960
2026-05-02 03:11:46,619:INFO:Procesado: 804000000 / 887425960
2026-05-02 03:11:50,934:INFO:Procesado: 805000000 / 887425960
2026-05-02 03:11:55,114:INFO:Procesado: 806000000 / 887425960
2026-05-02 03:11:59,162:INFO:Procesado: 807000000 / 887425960
2026-05-02 03:12:03,318:INFO:Procesado: 808000000 / 887425960
2026-05-02 03:12:07,459:INFO:Procesado: 809000000 / 887425960
2026-05-02 03:12:11,661:INFO:Procesado: 810000000 / 887425960
2026-05-02 03:12:15,910:INFO:Procesado: 811000000 / 887425960
2026-05-02 03:12:21,217:INFO:Procesado: 812000000 / 887425960
2026-05-02 03:12:25,431:INFO:Procesado: 813000000 / 887425960
2026-05-02 03:12:29,630:INFO:Procesado: 814000000 / 887425960
2026-05-02 03:12:33,735:INFO:Procesado: 815000000 / 887425960
2026-05-02 03:12:37,896:INFO:Procesado: 816000000 / 887425960
2026-05-02 03:12:42,116:INFO:Procesado: 817000000 / 887425960
2026-05-02 03:12:46,287:INFO:Procesado: 818000000 / 887425960
2026-05-02 03:12:51,858:INFO:Procesado: 819000000 / 887425960
2026-05-02 03:12:56,139:INFO:Procesado: 820000000 / 887425960
2026-05-02 03:13:00,333:INFO:Procesado: 821000000 / 887425960
2026-05-02 03:13:04,324:INFO:Procesado: 822000000 / 887425960
2026-05-02 03:13:08,378:INFO:Procesado: 823000000 / 887425960
2026-05-02 03:13:12,547:INFO:Procesado: 824000000 / 887425960
2026-05-02 03:13:16,727:INFO:Procesado: 825000000 / 887425960
2026-05-02 03:13:22,821:INFO:Procesado: 826000000 / 887425960
2026-05-02 03:13:26,931:INFO:Procesado: 827000000 / 887425960
2026-05-02 03:13:31,208:INFO:Procesado: 828000000 / 887425960
2026-05-02 03:13:35,169:INFO:Procesado: 829000000 / 887425960
2026-05-02 03:13:39,229:INFO:Procesado: 830000000 / 887425960
2026-05-02 03:13:43,346:INFO:Procesado: 831000000 / 887425960
2026-05-02 03:13:47,418:INFO:Procesado: 832000000 / 887425960
2026-05-02 03:13:52,823:INFO:Procesado: 833000000 / 887425960
2026-05-02 03:13:56,916:INFO:Procesado: 834000000 / 887425960
2026-05-02 03:14:01,284:INFO:Procesado: 835000000 / 887425960
2026-05-02 03:14:05,315:INFO:Procesado: 836000000 / 887425960
2026-05-02 03:14:09,518:INFO:Procesado: 837000000 / 887425960
2026-05-02 03:14:13,672:INFO:Procesado: 838000000 / 887425960
2026-05-02 03:14:17,812:INFO:Procesado: 839000000 / 887425960
2026-05-02 03:14:23,187:INFO:Procesado: 840000000 / 887425960
2026-05-02 03:14:27,251:INFO:Procesado: 841000000 / 887425960
2026-05-02 03:14:31,617:INFO:Procesado: 842000000 / 887425960
2026-05-02 03:14:35,596:INFO:Procesado: 843000000 / 887425960
2026-05-02 03:14:39,858:INFO:Procesado: 844000000 / 887425960
2026-05-02 03:14:43,987:INFO:Procesado: 845000000 / 887425960
2026-05-02 03:14:48,088:INFO:Procesado: 846000000 / 887425960
2026-05-02 03:14:53,542:INFO:Procesado: 847000000 / 887425960
2026-05-02 03:14:57,701:INFO:Procesado: 848000000 / 887425960
2026-05-02 03:15:01,946:INFO:Procesado: 849000000 / 887425960
2026-05-02 03:15:06,124:INFO:Procesado: 850000000 / 887425960
2026-05-02 03:15:10,277:INFO:Procesado: 851000000 / 887425960
2026-05-02 03:15:14,313:INFO:Procesado: 852000000 / 887425960
2026-05-02 03:15:18,485:INFO:Procesado: 853000000 / 887425960
2026-05-02 03:15:22,734:INFO:Procesado: 854000000 / 887425960
2026-05-02 03:15:27,979:INFO:Procesado: 855000000 / 887425960
2026-05-02 03:15:32,274:INFO:Procesado: 856000000 / 887425960
2026-05-02 03:15:36,312:INFO:Procesado: 857000000 / 887425960
2026-05-02 03:15:40,558:INFO:Procesado: 858000000 / 887425960
2026-05-02 03:15:44,579:INFO:Procesado: 859000000 / 887425960
2026-05-02 03:15:48,708:INFO:Procesado: 860000000 / 887425960
2026-05-02 03:15:52,960:INFO:Procesado: 861000000 / 887425960
2026-05-02 03:15:58,205:INFO:Procesado: 862000000 / 887425960
2026-05-02 03:16:02,581:INFO:Procesado: 863000000 / 887425960
2026-05-02 03:16:06,581:INFO:Procesado: 864000000 / 887425960
2026-05-02 03:16:10,774:INFO:Procesado: 865000000 / 887425960
2026-05-02 03:16:14,925:INFO:Procesado: 866000000 / 887425960
2026-05-02 03:16:19,201:INFO:Procesado: 867000000 / 887425960
2026-05-02 03:16:23,440:INFO:Procesado: 868000000 / 887425960
2026-05-02 03:16:28,667:INFO:Procesado: 869000000 / 887425960
2026-05-02 03:16:32,995:INFO:Procesado: 870000000 / 887425960
2026-05-02 03:16:37,069:INFO:Procesado: 871000000 / 887425960
2026-05-02 03:16:41,412:INFO:Procesado: 872000000 / 887425960
2026-05-02 03:16:45,518:INFO:Procesado: 873000000 / 887425960
2026-05-02 03:16:49,690:INFO:Procesado: 874000000 / 887425960
2026-05-02 03:16:53,821:INFO:Procesado: 875000000 / 887425960
2026-05-02 03:16:59,045:INFO:Procesado: 876000000 / 887425960
2026-05-02 03:17:03,385:INFO:Procesado: 877000000 / 887425960
2026-05-02 03:17:07,403:INFO:Procesado: 878000000 / 887425960
2026-05-02 03:17:11,562:INFO:Procesado: 879000000 / 887425960
2026-05-02 03:17:15,726:INFO:Procesado: 880000000 / 887425960
2026-05-02 03:17:20,023:INFO:Procesado: 881000000 / 887425960
2026-05-02 03:17:24,035:INFO:Procesado: 882000000 / 887425960
2026-05-02 03:17:29,312:INFO:Procesado: 883000000 / 887425960
2026-05-02 03:17:33,607:INFO:Procesado: 884000000 / 887425960
2026-05-02 03:17:37,688:INFO:Procesado: 885000000 / 887425960
2026-05-02 03:17:41,879:INFO:Procesado: 886000000 / 887425960
2026-05-02 03:17:45,948:INFO:Procesado: 887000000 / 887425960
2026-05-02 03:17:47,611:INFO:Procesado: 887425960 / 887425960
2026-05-02 03:17:49,266:INFO:Prediction executed
2026-05-02 03:21:57,124:INFO:Results raster created
