/bin/sh: 1: root: not found
2025-11-04 22:15:05,195 - __main__ - INFO - === SAT ORCHESTRATOR INICIADO ===
2025-11-04 22:15:05,196 - __main__ - INFO - Modo: full
2025-11-04 22:15:05,228 - __main__ - INFO - SATOrchestrator inicializado
2025-11-04 22:15:05,229 - __main__ - INFO - Proyecto Docker Compose: sat_system
2025-11-04 22:15:05,230 - __main__ - INFO - === INICIANDO PIPELINE COMPLETO SAT ===
2025-11-04 22:15:05,515 - __main__ - INFO - ✓ Servicio disponible: lluvia-processor
2025-11-04 22:15:05,519 - __main__ - INFO - ✓ Servicio disponible: modelo-sat
2025-11-04 22:15:05,522 - __main__ - INFO - ✓ Servicio disponible: geotiff-exporter
2025-11-04 22:15:05,529 - __main__ - INFO - 
--- Paso 1: lluvia-processor ---
2025-11-04 22:15:05,537 - __main__ - INFO - === Ejecutando servicio: lluvia-processor ===
2025-11-04 22:15:05,662 - __main__ - INFO - Iniciando contenedor lluvia-processor
2025-11-04 22:15:13,057 - __main__ - INFO - Esperando completación del servicio lluvia-processor (sin límite de tiempo)
2025-11-04 23:05:35,517 - __main__ - INFO - ✓ Servicio lluvia-processor completado exitosamente
2025-11-04 23:05:35,535 - __main__ - INFO - ✓ Datos de lluvia disponibles
2025-11-04 23:05:35,536 - __main__ - INFO - ✓ lluvia-processor completado en 3030.0s
2025-11-04 23:05:35,536 - __main__ - INFO - 
--- Paso 2: modelo-sat ---
2025-11-04 23:05:35,537 - __main__ - INFO - === Ejecutando servicio: modelo-sat ===
2025-11-04 23:05:35,551 - __main__ - INFO - Iniciando contenedor modelo-sat
2025-11-04 23:05:40,838 - __main__ - INFO - Esperando completación del servicio modelo-sat (sin límite de tiempo)
2025-11-04 23:05:40,845 - __main__ - INFO - ✓ Servicio modelo-sat completado exitosamente
2025-11-04 23:05:40,850 - __main__ - INFO - ✓ Predicciones del modelo disponibles
2025-11-04 23:05:40,851 - __main__ - INFO - ✓ modelo-sat completado en 5.3s
2025-11-04 23:05:40,851 - __main__ - INFO - 
--- Paso 3: geotiff-exporter ---
2025-11-04 23:05:40,852 - __main__ - INFO - === Ejecutando servicio: geotiff-exporter ===
2025-11-04 23:05:40,892 - __main__ - INFO - Iniciando contenedor geotiff-exporter
2025-11-04 23:05:46,242 - __main__ - INFO - Esperando completación del servicio geotiff-exporter (sin límite de tiempo)
2025-11-04 23:05:56,297 - __main__ - INFO - ✓ Servicio geotiff-exporter completado exitosamente
2025-11-04 23:05:56,330 - __main__ - INFO - ✓ GeoTIFF de salida disponible
2025-11-04 23:05:56,331 - __main__ - INFO - ✓ geotiff-exporter completado en 15.5s
2025-11-04 23:05:56,332 - __main__ - INFO - 🎉 PIPELINE COMPLETO EJECUTADO EXITOSAMENTE
2025-11-04 23:05:56,365 - __main__ - INFO - Resultados guardados en: /app/logs/ultima_ejecucion.json
2025-11-04 23:05:56,378 - __main__ - INFO - Pipeline completado en 3051.1s
