2025-11-04 01:02:16,854 - __main__ - INFO - === Iniciando SAT GeoTIFF Exporter ===
2025-11-04 01:02:16,855 - __main__ - INFO - GeoTIFFExporter inicializado
2025-11-04 01:02:16,855 - __main__ - INFO - Ruta entrada: /app/data/output/modelo
2025-11-04 01:02:16,856 - __main__ - INFO - Ruta salida: /app/data/output/geotiff
2025-11-04 01:02:16,856 - __main__ - INFO - === Iniciando procesamiento GeoTIFF (siguiendo notebook) ===
2025-11-04 01:02:16,857 - __main__ - INFO - Leyendo geopackage...
2025-11-04 01:02:17,186 - __main__ - INFO - Geodataframe cargado: 322 puntos
2025-11-04 01:02:17,187 - __main__ - INFO - Ejecutando interpolación...
2025-11-04 01:02:22,199 - __main__ - INFO - GeoTIFF guardado en: /app/data/output/geotiff/prob_geotif.tif
2025-11-04 01:02:22,199 - __main__ - INFO - Copiando GeoTIFF a uploads de GeoServer: /mnt/uploads/prob_geotif.tif
2025-11-04 01:02:22,216 - __main__ - INFO - GeoTIFF actualizado en: /mnt/uploads/prob_geotif.tif
2025-11-04 01:02:22,216 - __main__ - INFO - === Procesamiento GeoTIFF completado exitosamente ===
2025-11-04 01:02:22,217 - __main__ - INFO - Procesamiento exitoso
2025-11-04 23:05:44,160 - __main__ - INFO - === Iniciando SAT GeoTIFF Exporter ===
2025-11-04 23:05:44,161 - __main__ - INFO - GeoTIFFExporter inicializado
2025-11-04 23:05:44,162 - __main__ - INFO - Ruta entrada: /app/data/output/modelo
2025-11-04 23:05:44,163 - __main__ - INFO - Ruta salida: /app/data/output/geotiff
2025-11-04 23:05:44,163 - __main__ - INFO - === Iniciando procesamiento GeoTIFF (siguiendo notebook) ===
2025-11-04 23:05:44,165 - __main__ - INFO - Leyendo geopackage...
2025-11-04 23:05:44,521 - __main__ - INFO - Geodataframe cargado: 321 puntos
2025-11-04 23:05:44,522 - __main__ - INFO - Ejecutando interpolación...
2025-11-04 23:05:50,818 - __main__ - INFO - GeoTIFF guardado en: /app/data/output/geotiff/prob_geotif.tif
2025-11-04 23:05:50,819 - __main__ - INFO - Copiando GeoTIFF a uploads de GeoServer: /mnt/uploads/prob_geotif.tif
2025-11-04 23:05:50,833 - __main__ - INFO - GeoTIFF actualizado en: /mnt/uploads/prob_geotif.tif
2025-11-04 23:05:50,833 - __main__ - INFO - === Procesamiento GeoTIFF completado exitosamente ===
2025-11-04 23:05:50,834 - __main__ - INFO - Procesamiento exitoso
