Tue Oct  7 07:09:29 UTC 2025: SAT Orchestrator iniciado
Tue Oct  7 07:16:43 UTC 2025: SAT Orchestrator iniciado
Wed Oct  8 22:45:12 UTC 2025: SAT Orchestrator iniciado
Wed Oct  8 22:50:12 UTC 2025: SAT Orchestrator iniciado
Wed Oct  8 23:11:44 UTC 2025: SAT Orchestrator iniciado
Thu Oct  9 01:02:34 UTC 2025: SAT Orchestrator iniciado
2025-10-09 01:18:09,445 - __main__ - INFO - === SAT ORCHESTRATOR INICIADO ===
2025-10-09 01:18:09,446 - __main__ - INFO - Modo: full
2025-10-09 01:18:09,477 - __main__ - INFO - SATOrchestrator inicializado
2025-10-09 01:18:09,478 - __main__ - INFO - Proyecto Docker Compose: sat_system
2025-10-09 01:18:09,478 - __main__ - INFO - === INICIANDO PIPELINE COMPLETO SAT ===
2025-10-09 01:18:09,666 - __main__ - INFO - ✓ Servicio disponible: lluvia-processor
2025-10-09 01:18:09,667 - __main__ - INFO - ✓ Servicio disponible: modelo-sat
2025-10-09 01:18:09,667 - __main__ - INFO - ✓ Servicio disponible: geotiff-exporter
2025-10-09 01:18:09,668 - __main__ - INFO - 
--- Paso 1: lluvia-processor ---
2025-10-09 01:18:09,669 - __main__ - INFO - === Ejecutando servicio: lluvia-processor ===
2025-10-09 01:18:09,683 - __main__ - INFO - Iniciando contenedor lluvia-processor
2025-10-09 01:18:18,504 - __main__ - INFO - Esperando completación del servicio lluvia-processor (sin límite de tiempo)
2025-10-09 01:51:56,529 - __main__ - ERROR - Error ejecutando servicio lluvia-processor: 500 Server Error for http+docker://localhost/v1.51/containers/bdac3d15c9d663a7c65f27084522c1c41fa8c14a5d93eaf59caee1bac141f833/json: Internal Server Error
2025-10-09 01:51:57,403 - __main__ - ERROR - Servicio lluvia-processor falló: 500 Server Error for http+docker://localhost/v1.51/containers/bdac3d15c9d663a7c65f27084522c1c41fa8c14a5d93eaf59caee1bac141f833/json: Internal Server Error
2025-10-09 01:51:57,407 - __main__ - ERROR - ❌ Pipeline incompleto
2025-10-09 01:51:57,527 - __main__ - INFO - Resultados guardados en: /app/logs/ultima_ejecucion.json
2025-10-09 01:51:57,528 - __main__ - INFO - Pipeline completado en 2027.93s
Thu Oct  9 02:17:22 UTC 2025: SAT Orchestrator iniciado
2025-10-09 02:18:06,912 - __main__ - INFO - === SAT ORCHESTRATOR INICIADO ===
2025-10-09 02:18:06,913 - __main__ - INFO - Modo: full
2025-10-09 02:18:06,931 - __main__ - INFO - SATOrchestrator inicializado
2025-10-09 02:18:06,931 - __main__ - INFO - Proyecto Docker Compose: sat_system
2025-10-09 02:18:06,931 - __main__ - INFO - === INICIANDO PIPELINE COMPLETO SAT ===
2025-10-09 02:18:07,083 - __main__ - INFO - ✓ Servicio disponible: lluvia-processor
2025-10-09 02:18:07,083 - __main__ - INFO - ✓ Servicio disponible: modelo-sat
2025-10-09 02:18:07,084 - __main__ - INFO - ✓ Servicio disponible: geotiff-exporter
2025-10-09 02:18:07,086 - __main__ - INFO - 
--- Paso 1: lluvia-processor ---
2025-10-09 02:18:07,087 - __main__ - INFO - === Ejecutando servicio: lluvia-processor ===
2025-10-09 02:18:07,102 - __main__ - INFO - Iniciando contenedor lluvia-processor
2025-10-09 02:18:15,732 - __main__ - INFO - Esperando completación del servicio lluvia-processor (sin límite de tiempo)
2025-10-09 03:01:52,203 - __main__ - INFO - ✓ Servicio lluvia-processor completado exitosamente
2025-10-09 03:01:52,302 - __main__ - INFO - ✓ Datos de lluvia disponibles
2025-10-09 03:01:52,304 - __main__ - INFO - ✓ lluvia-processor completado en 2625.1s
2025-10-09 03:01:52,304 - __main__ - INFO - 
--- Paso 2: modelo-sat ---
2025-10-09 03:01:52,305 - __main__ - INFO - === Ejecutando servicio: modelo-sat ===
2025-10-09 03:01:52,362 - __main__ - INFO - Iniciando contenedor modelo-sat
2025-10-09 03:01:58,136 - __main__ - INFO - Esperando completación del servicio modelo-sat (sin límite de tiempo)
2025-10-09 03:01:58,149 - __main__ - INFO - ✓ Servicio modelo-sat completado exitosamente
2025-10-09 03:01:58,160 - __main__ - INFO - ✓ Predicciones del modelo disponibles
2025-10-09 03:01:58,160 - __main__ - INFO - ✓ modelo-sat completado en 5.8s
2025-10-09 03:01:58,161 - __main__ - INFO - 
--- Paso 3: geotiff-exporter ---
2025-10-09 03:01:58,161 - __main__ - INFO - === Ejecutando servicio: geotiff-exporter ===
2025-10-09 03:01:58,199 - __main__ - INFO - Iniciando contenedor geotiff-exporter
2025-10-09 03:02:03,596 - __main__ - INFO - Esperando completación del servicio geotiff-exporter (sin límite de tiempo)
2025-10-09 03:02:13,955 - __main__ - INFO - ✓ Servicio geotiff-exporter completado exitosamente
2025-10-09 03:02:13,968 - __main__ - INFO - ✓ GeoTIFF de salida disponible
2025-10-09 03:02:13,969 - __main__ - INFO - ✓ geotiff-exporter completado en 15.8s
2025-10-09 03:02:13,972 - __main__ - INFO - 🎉 PIPELINE COMPLETO EJECUTADO EXITOSAMENTE
2025-10-09 03:02:14,016 - __main__ - INFO - Resultados guardados en: /app/logs/ultima_ejecucion.json
2025-10-09 03:02:14,017 - __main__ - INFO - Pipeline completado en 2647.04s
